This is pdfTeX, Version 3.141592653-2.6-1.40.24 (MiKTeX 22.3) (preloaded format=latex 2022.4.9)  9 APR 2022 14:36
entering extended mode
 restricted \write18 enabled.
 %&-line parsing enabled.
**./ReportFinal.tex
(ReportFinal.tex
LaTeX2e <2021-11-15> patch level 1
L3 programming layer <2022-02-24>
(C:\Users\adamh\AppData\Local\Programs\MiKTeX\tex/latex/ieeetran\IEEEtran.cls
Document Class: IEEEtran 2015/08/26 V1.8b by Michael Shell
-- See the "IEEEtran_HOWTO" manual for usage information.
-- http://www.michaelshell.org/tex/ieeetran/
\@IEEEtrantmpdimenA=\dimen138
\@IEEEtrantmpdimenB=\dimen139
\@IEEEtrantmpdimenC=\dimen140
\@IEEEtrantmpcountA=\count185
\@IEEEtrantmpcountB=\count186
\@IEEEtrantmpcountC=\count187
\@IEEEtrantmptoksA=\toks16
LaTeX Font Info:    Trying to load font information for OT1+ppl on input line 5
03.
(C:\Users\adamh\AppData\Local\Programs\MiKTeX\tex/latex/psnfss\ot1ppl.fd
File: ot1ppl.fd 2001/06/04 font definitions for OT1/ppl.
)
-- Using IEEE Computer Society mode.
-- Using 8.5in x 11in (letter) paper.
-- Using DVI output.
\@IEEEnormalsizeunitybaselineskip=\dimen141
-- This is a 10 point document.
\CLASSINFOnormalsizebaselineskip=\dimen142
\CLASSINFOnormalsizeunitybaselineskip=\dimen143
\IEEEnormaljot=\dimen144
LaTeX Font Info:    Font shape `OT1/ppl/bx/n' in size <5.01874> not available
(Font)              Font shape `OT1/ppl/b/n' tried instead on input line 1090.
LaTeX Font Info:    Font shape `OT1/ppl/bx/it' in size <5.01874> not available
(Font)              Font shape `OT1/ppl/b/it' tried instead on input line 1090.

LaTeX Font Info:    Font shape `OT1/ppl/bx/n' in size <7.02625> not available
(Font)              Font shape `OT1/ppl/b/n' tried instead on input line 1090.
LaTeX Font Info:    Font shape `OT1/ppl/bx/it' in size <7.02625> not available
(Font)              Font shape `OT1/ppl/b/it' tried instead on input line 1090.

LaTeX Font Info:    Font shape `OT1/ppl/bx/n' in size <8.03> not available
(Font)              Font shape `OT1/ppl/b/n' tried instead on input line 1090.
LaTeX Font Info:    Font shape `OT1/ppl/bx/it' in size <8.03> not available
(Font)              Font shape `OT1/ppl/b/it' tried instead on input line 1090.

LaTeX Font Info:    Font shape `OT1/ppl/bx/n' in size <9.03374> not available
(Font)              Font shape `OT1/ppl/b/n' tried instead on input line 1090.
LaTeX Font Info:    Font shape `OT1/ppl/bx/it' in size <9.03374> not available
(Font)              Font shape `OT1/ppl/b/it' tried instead on input line 1090.

LaTeX Font Info:    Font shape `OT1/ppl/bx/n' in size <9.53561> not available
(Font)              Font shape `OT1/ppl/b/n' tried instead on input line 1090.
LaTeX Font Info:    Font shape `OT1/ppl/bx/it' in size <9.53561> not available
(Font)              Font shape `OT1/ppl/b/it' tried instead on input line 1090.

LaTeX Font Info:    Font shape `OT1/ppl/bx/n' in size <11.04124> not available
(Font)              Font shape `OT1/ppl/b/n' tried instead on input line 1090.
LaTeX Font Info:    Font shape `OT1/ppl/bx/it' in size <11.04124> not available

(Font)              Font shape `OT1/ppl/b/it' tried instead on input line 1090.

LaTeX Font Info:    Font shape `OT1/ppl/bx/n' in size <12.045> not available
(Font)              Font shape `OT1/ppl/b/n' tried instead on input line 1090.
LaTeX Font Info:    Font shape `OT1/ppl/bx/it' in size <12.045> not available
(Font)              Font shape `OT1/ppl/b/it' tried instead on input line 1090.

LaTeX Font Info:    Font shape `OT1/ppl/bx/n' in size <17.06374> not available
(Font)              Font shape `OT1/ppl/b/n' tried instead on input line 1090.
LaTeX Font Info:    Font shape `OT1/ppl/bx/it' in size <17.06374> not available

(Font)              Font shape `OT1/ppl/b/it' tried instead on input line 1090.

LaTeX Font Info:    Font shape `OT1/ppl/bx/n' in size <20.075> not available
(Font)              Font shape `OT1/ppl/b/n' tried instead on input line 1090.
LaTeX Font Info:    Font shape `OT1/ppl/bx/it' in size <20.075> not available
(Font)              Font shape `OT1/ppl/b/it' tried instead on input line 1090.

LaTeX Font Info:    Font shape `OT1/ppl/bx/n' in size <24.09> not available
(Font)              Font shape `OT1/ppl/b/n' tried instead on input line 1090.
LaTeX Font Info:    Font shape `OT1/ppl/bx/it' in size <24.09> not available
(Font)              Font shape `OT1/ppl/b/it' tried instead on input line 1090.

\IEEEquantizedlength=\dimen145
\IEEEquantizedlengthdiff=\dimen146
\IEEEquantizedtextheightdiff=\dimen147
\IEEEilabelindentA=\dimen148
\IEEEilabelindentB=\dimen149
\IEEEilabelindent=\dimen150
\IEEEelabelindent=\dimen151
\IEEEdlabelindent=\dimen152
\IEEElabelindent=\dimen153
\IEEEiednormlabelsep=\dimen154
\IEEEiedmathlabelsep=\dimen155
\IEEEiedtopsep=\skip47
\c@section=\count188
\c@subsection=\count189
\c@subsubsection=\count190
\c@paragraph=\count191
\c@IEEEsubequation=\count192
\abovecaptionskip=\skip48
\belowcaptionskip=\skip49
\c@figure=\count193
\c@table=\count194
\@IEEEeqnnumcols=\count195
\@IEEEeqncolcnt=\count196
\@IEEEsubeqnnumrollback=\count197
\@IEEEquantizeheightA=\dimen156
\@IEEEquantizeheightB=\dimen157
\@IEEEquantizeheightC=\dimen158
\@IEEEquantizeprevdepth=\dimen159
\@IEEEquantizemultiple=\count198
\@IEEEquantizeboxA=\box50
\@IEEEtmpitemindent=\dimen160
\IEEEPARstartletwidth=\dimen161
\c@IEEEbiography=\count199
\@IEEEtranrubishbin=\box51
) (C:\Users\adamh\AppData\Local\Programs\MiKTeX\tex/latex/cite\cite.sty
LaTeX Info: Redefining \cite on input line 302.
LaTeX Info: Redefining \nocite on input line 332.
Package: cite 2015/02/27  v 5.5
)
(C:\Users\adamh\AppData\Local\Programs\MiKTeX\tex/latex/l3backend\l3backend-dvi
ps.def
File: l3backend-dvips.def 2022-02-07 L3 backend support: dvips
\l__pdf_internal_box=\box52
\g__pdf_backend_object_int=\count266
\l__pdf_backend_content_box=\box53
\l__pdf_backend_model_box=\box54
\g__pdf_backend_annotation_int=\count267
\g__pdf_backend_link_int=\count268
\g__pdf_backend_link_sf_int=\count269
) (ReportFinal.aux)
\openout1 = `ReportFinal.aux'.

LaTeX Font Info:    Checking defaults for OML/cmm/m/it on input line 317.
LaTeX Font Info:    ... okay on input line 317.
LaTeX Font Info:    Checking defaults for OMS/cmsy/m/n on input line 317.
LaTeX Font Info:    ... okay on input line 317.
LaTeX Font Info:    Checking defaults for OT1/cmr/m/n on input line 317.
LaTeX Font Info:    ... okay on input line 317.
LaTeX Font Info:    Checking defaults for T1/cmr/m/n on input line 317.
LaTeX Font Info:    ... okay on input line 317.
LaTeX Font Info:    Checking defaults for TS1/cmr/m/n on input line 317.
LaTeX Font Info:    ... okay on input line 317.
LaTeX Font Info:    Checking defaults for OMX/cmex/m/n on input line 317.
LaTeX Font Info:    ... okay on input line 317.
LaTeX Font Info:    Checking defaults for U/cmr/m/n on input line 317.
LaTeX Font Info:    ... okay on input line 317.

-- Lines per column: 61 (exact).
LaTeX Font Info:    Trying to load font information for OT1+phv on input line 3
54.
(C:\Users\adamh\AppData\Local\Programs\MiKTeX\tex/latex/psnfss\ot1phv.fd
File: ot1phv.fd 2020/03/25 scalable font definitions for OT1/phv.
)
LaTeX Font Info:    Calculating math sizes for size <11.04124> on input line 35
4.
LaTeX Font Info:    External font `cmex10' loaded for size
(Font)              <11.04124> on input line 354.
LaTeX Font Info:    External font `cmex10' loaded for size
(Font)              <7.72884> on input line 354.
LaTeX Font Info:    External font `cmex10' loaded for size
(Font)              <5.52061> on input line 354.
LaTeX Font Info:    Trying to load font information for U+pzd on input line 354
.

(C:\Users\adamh\AppData\Local\Programs\MiKTeX\tex/latex/psnfss\upzd.fd
File: upzd.fd 2001/06/04 font definitions for U/pzd.
)

LaTeX Warning: Citation `Nakamoto2008' on page 1 undefined on input line 387.


LaTeX Warning: Citation `Gainsbury2013' on page 1 undefined on input line 396.


LaTeX Warning: Citation `haber1997secure' on page 1 undefined on input line 405
.


LaTeX Warning: Citation `massias1999design' on page 1 undefined on input line 4
05.


LaTeX Warning: Citation `merkle2019protocols' on page 1 undefined on input line
 405.

! Undefined control sequence.
l.411     \includegraphics
                          [width=2in]{figures/BitcoinBlocks.drawio.pdf}
The control sequence at the end of the top line
of your error message was never \def'ed. If you have
misspelled it (e.g., `\hobx'), type `I' and the correct
spelling (e.g., `I\hbox'). Otherwise just continue,
and I'll forget about whatever was undefined.


LaTeX Warning: Citation `Nakamoto2008' on page 1 undefined on input line 412.


LaTeX Warning: Citation `Nakamoto2008' on page 1 undefined on input line 412.


LaTeX Warning: Citation `Gervais2016' on page 1 undefined on input line 416.


LaTeX Warning: Citation `dai_1998' on page 1 undefined on input line 416.

[1


]

LaTeX Warning: Citation `etherscan' on page 2 undefined on input line 422.


LaTeX Warning: Citation `ethermine' on page 2 undefined on input line 422.


LaTeX Warning: Citation `Li2019' on page 2 undefined on input line 424.


LaTeX Warning: Citation `Buterin2014' on page 2 undefined on input line 427.


LaTeX Warning: Citation `Cai2018' on page 2 undefined on input line 427.


LaTeX Warning: Citation `antonopoulos2018mastering' on page 2 undefined on inpu
t line 431.

! Undefined control sequence.
l.441     \includegraphics
                          [width=2.5in]{figures/EvmDiagram.drawio.pdf}
The control sequence at the end of the top line
of your error message was never \def'ed. If you have
misspelled it (e.g., `\hobx'), type `I' and the correct
spelling (e.g., `I\hbox'). Otherwise just continue,
and I'll forget about whatever was undefined.


LaTeX Warning: Citation `tani_2018' on page 2 undefined on input line 442.


LaTeX Warning: `!h' float specifier changed to `!ht'.

LaTeX Font Info:    Calculating math sizes for size <9.53561> on input line 453
.
LaTeX Font Info:    External font `cmex10' loaded for size
(Font)              <9.53561> on input line 453.
LaTeX Font Info:    External font `cmex10' loaded for size
(Font)              <6.6749> on input line 453.
LaTeX Font Info:    External font `cmex10' loaded for size
(Font)              <4.7678> on input line 453.
! Undefined control sequence.
l.459     \includegraphics
                          [width=3.5in]{figures/EthGasGraph.png}
The control sequence at the end of the top line
of your error message was never \def'ed. If you have
misspelled it (e.g., `\hobx'), type `I' and the correct
spelling (e.g., `I\hbox'). Otherwise just continue,
and I'll forget about whatever was undefined.

LaTeX Font Info:    Calculating math sizes for size <8.03> on input line 460.
LaTeX Font Info:    External font `cmex10' loaded for size
(Font)              <8.03> on input line 460.
LaTeX Font Info:    External font `cmex10' loaded for size
(Font)              <5.62097> on input line 460.
LaTeX Font Info:    External font `cmex10' loaded for size
(Font)              <4.015> on input line 460.
[2]
Underfull \hbox (badness 3769) in paragraph at lines 468--469
[]\OT1/ppl/m/n/9.53561 This severely lim-its the prac-ti-cal ap-pli-ca-tions of

 []


LaTeX Warning: Citation `Chuckaluck' on page 3 undefined on input line 471.


LaTeX Warning: Citation `Poon2017' on page 3 undefined on input line 509.

! Undefined control sequence.
l.513     \includegraphics
                          [width=3.2in]{figures/PlasmaDiagram.drawio.pdf}
The control sequence at the end of the top line
of your error message was never \def'ed. If you have
misspelled it (e.g., `\hobx'), type `I' and the correct
spelling (e.g., `I\hbox'). Otherwise just continue,
and I'll forget about whatever was undefined.


LaTeX Warning: Citation `Poon2017' on page 3 undefined on input line 514.


LaTeX Warning: Citation `Poon2017' on page 3 undefined on input line 514.


LaTeX Warning: Citation `Kanani2021' on page 3 undefined on input line 522.

[3]

LaTeX Warning: Citation `breidenbach2021chainlink' on page 4 undefined on input
 line 527.


LaTeX Warning: Citation `cryptoeprint:2017:099' on page 4 undefined on input li
ne 527.


LaTeX Warning: Citation `Piasecki_2016' on page 4 undefined on input line 529.


LaTeX Warning: Citation `sec20002' on page 4 undefined on input line 530.


LaTeX Warning: Citation `10.1007/978-3-642-38348-9_19' on page 4 undefined on i
nput line 530.

! Undefined control sequence.
l.536     \includegraphics
                          [width=1.3in]{figures/ChainLinkVRFDiagram.drawio.pdf}
The control sequence at the end of the top line
of your error message was never \def'ed. If you have
misspelled it (e.g., `\hobx'), type `I' and the correct
spelling (e.g., `I\hbox'). Otherwise just continue,
and I'll forget about whatever was undefined.


LaTeX Warning: Citation `Sekniqi2020' on page 4 undefined on input line 570.


LaTeX Warning: Citation `Rocket2019' on page 4 undefined on input line 570.

! Undefined control sequence.
l.578     \includegraphics
                          [width=3.2in]{figures/Avalanche.drawio.pdf}
The control sequence at the end of the top line
of your error message was never \def'ed. If you have
misspelled it (e.g., `\hobx'), type `I' and the correct
spelling (e.g., `I\hbox'). Otherwise just continue,
and I'll forget about whatever was undefined.


LaTeX Warning: Citation `stake.com' on page 4 undefined on input line 590.


LaTeX Warning: Citation `poduszlo2017introduction' on page 4 undefined on input
 line 592.

[4]
! Undefined control sequence.
l.596     \includegraphics
                          [width=2.5in]{figures/ProvablyFairRigged.drawio.pdf}
The control sequence at the end of the top line
of your error message was never \def'ed. If you have
misspelled it (e.g., `\hobx'), type `I' and the correct
spelling (e.g., `I\hbox'). Otherwise just continue,
and I'll forget about whatever was undefined.


LaTeX Warning: Citation `DecentralGames2019' on page 5 undefined on input line 
602.


LaTeX Warning: Citation `ridotto' on page 5 undefined on input line 605.


LaTeX Warning: Citation `sunrise_gaming_by_dao' on page 5 undefined on input li
ne 610.


LaTeX Warning: Citation `croissant_games_croissant_games' on page 5 undefined o
n input line 617.


LaTeX Warning: Citation `eip_712:_ethereum_typed_structured_data_hashing_and_si
gning' on page 5 undefined on input line 624.

! Undefined control sequence.
l.636     \includegraphics
                          [width=3.2in]{figures/OverviewDiagram.drawio.pdf}
The control sequence at the end of the top line
of your error message was never \def'ed. If you have
misspelled it (e.g., `\hobx'), type `I' and the correct
spelling (e.g., `I\hbox'). Otherwise just continue,
and I'll forget about whatever was undefined.


LaTeX Warning: Citation `yakovenko2018solana' on page 5 undefined on input line
 648.


LaTeX Warning: Citation `proof_of_history:_clock_for_blockchain_solana_medium' 
on page 5 undefined on input line 648.

[5]
! Undefined control sequence.
l.654     \includegraphics
                          [width=3in]{figures/NetworkCentrality.pdf}
The control sequence at the end of the top line
of your error message was never \def'ed. If you have
misspelled it (e.g., `\hobx'), type `I' and the correct
spelling (e.g., `I\hbox'). Otherwise just continue,
and I'll forget about whatever was undefined.


LaTeX Warning: Citation `solana_validators_www.validators.app' on page 6 undefi
ned on input line 655.


LaTeX Warning: Citation `polygon_web_wallet_v2' on page 6 undefined on input li
ne 655.


LaTeX Warning: Citation `solana_validators_www.validators.app' on page 6 undefi
ned on input line 655.


LaTeX Warning: Citation `polygon_web_wallet_v2' on page 6 undefined on input li
ne 655.


LaTeX Warning: Citation `whitepaper_axie_infinity' on page 6 undefined on input
 line 659.


LaTeX Warning: Citation `community_alert:_ronin_validators_compromised' on page
 6 undefined on input line 659.

LaTeX Font Info:    Trying to load font information for TS1+ppl on input line 6
59.
(C:\Users\adamh\AppData\Local\Programs\MiKTeX\tex/latex/psnfss\ts1ppl.fd
File: ts1ppl.fd 2001/06/04 font definitions for TS1/ppl.
)

LaTeX Warning: `!h' float specifier changed to `!ht'.


LaTeX Warning: `!h' float specifier changed to `!ht'.


Underfull \hbox (badness 2865) in paragraph at lines 712--713
[]\OT1/ppl/m/n/9.53561 Another, less quan-tifi-able, fac-tor in se-lect-ing our

 []

! Undefined control sequence.
l.716     \includegraphics
                          [width=3.4in]{figures/polygon_ecosystem.jpg}
The control sequence at the end of the top line
of your error message was never \def'ed. If you have
misspelled it (e.g., `\hobx'), type `I' and the correct
spelling (e.g., `I\hbox'). Otherwise just continue,
and I'll forget about whatever was undefined.

! Missing $ inserted.
<inserted text> 
                $
l.716 ...udegraphics[width=3.4in]{figures/polygon_
                                                  ecosystem.jpg}
I've inserted a begin-math/end-math symbol since I think
you left one out. Proceed, with fingers crossed.

! Extra }, or forgotten $.
l.716 ...dth=3.4in]{figures/polygon_ecosystem.jpg}
                                                  
I've deleted a group-closing symbol because it seems to be
spurious, as in `$x}$'. But perhaps the } is legitimate and
you forgot something else, as in `\hbox{$x}'. In such cases
the way to recover is to insert both the forgotten and the
deleted material, e.g., by typing `I$}'.

! Missing $ inserted.
<inserted text> 
                $
l.717 ...ng, standards, and community discussion.}
                                                  
I've inserted a begin-math/end-math symbol since I think
you left one out. Proceed, with fingers crossed.


LaTeX Warning: Citation `polygon_matic_(@0xpolygon)_twitter' on page 6 undefine
d on input line 717.


LaTeX Warning: Citation `polygon_matic_(@0xpolygon)_twitter' on page 6 undefine
d on input line 717.

! Missing } inserted.
<inserted text> 
                }
l.719 \end{figure}
                  
I've inserted something that you may have forgotten.
(See the <inserted text> above.)
With luck, this will get me unwedged. But if you
really didn't forget anything, try typing `2' now; then
my insertion and my current dilemma will both disappear.


LaTeX Warning: Citation `solidity_programming_language' on page 6 undefined on 
input line 722.

LaTeX Font Info:    Trying to load font information for OT1+pcr on input line 7
22.
(C:\Users\adamh\AppData\Local\Programs\MiKTeX\tex/latex/psnfss\ot1pcr.fd
File: ot1pcr.fd 2001/06/04 font definitions for OT1/pcr.
)

LaTeX Warning: Citation `10.1007/978-3-642-38348-9_19' on page 6 undefined on i
nput line 722.


LaTeX Warning: Citation `verma2021study' on page 6 undefined on input line 724.



LaTeX Warning: Citation `truffle_suite_ganache' on page 6 undefined on input li
ne 726.


LaTeX Warning: Citation `truffle_suite_truffle' on page 6 undefined on input li
ne 728.

[6]
Underfull \hbox (badness 10000) in paragraph at lines 738--739
\OT1/ppl/m/n/9.53561 Each time this event is emit-ted the EVM will
 []


Underfull \hbox (badness 10000) in paragraph at lines 738--739
\OT1/ppl/m/n/9.53561 in-voke the \OT1/pcr/m/n/9.53561 LOG2 \OT1/ppl/m/n/9.53561
 op-er-a-tor to store the tu-ple
 []


Underfull \hbox (badness 10000) in paragraph at lines 738--739
\OT1/ppl/m/n/9.53561 (\OT1/pcr/m/n/9.53561 KECCAK256('OutcomeDecided')\OT1/ppl/
m/n/9.53561 , out-come) to the
 []


LaTeX Warning: Citation `bloom1970space' on page 7 undefined on input line 740.



LaTeX Warning: Citation `chuck_luck_wizard_of_odds' on page 7 undefined on inpu
t line 759.


LaTeX Warning: `!h' float specifier changed to `!ht'.


Underfull \hbox (badness 6220) in paragraph at lines 788--789
[]\OT1/ppl/m/n/9.53561 The sec-ond is-sue came, once again, from the
 []

! Undefined control sequence.
l.796     \includegraphics
                          [width=3in]{figures/ChuckALuck.sol.png}
The control sequence at the end of the top line
of your error message was never \def'ed. If you have
misspelled it (e.g., `\hobx'), type `I' and the correct
spelling (e.g., `I\hbox'). Otherwise just continue,
and I'll forget about whatever was undefined.


LaTeX Warning: `!h' float specifier changed to `!ht'.


Underfull \vbox (badness 3989) has occurred while \output is active []

 [7]
! Undefined control sequence.
l.809     \includegraphics
                          [width=3in]{figures/Roulette.sol.png}
The control sequence at the end of the top line
of your error message was never \def'ed. If you have
misspelled it (e.g., `\hobx'), type `I' and the correct
spelling (e.g., `I\hbox'). Otherwise just continue,
and I'll forget about whatever was undefined.

! Undefined control sequence.
l.822     \includegraphics
                          [width=3.6in]{figures/PreCentralBank.drawio.pdf}
The control sequence at the end of the top line
of your error message was never \def'ed. If you have
misspelled it (e.g., `\hobx'), type `I' and the correct
spelling (e.g., `I\hbox'). Otherwise just continue,
and I'll forget about whatever was undefined.

! Undefined control sequence.
l.831     \includegraphics
                          [width=3.4in]{figures/CentralBank.drawio.pdf}
The control sequence at the end of the top line
of your error message was never \def'ed. If you have
misspelled it (e.g., `\hobx'), type `I' and the correct
spelling (e.g., `I\hbox'). Otherwise just continue,
and I'll forget about whatever was undefined.


LaTeX Warning: Citation `access_openzeppelin_docs' on page 8 undefined on input
 line 840.


Underfull \hbox (badness 10000) in paragraph at lines 842--843
[]\OT1/ppl/m/n/9.53561 The con-tract we specif-i-cally utilise here;
 []

! Undefined control sequence.
l.847     \includegraphics
                          [width=2.2in]{figures/AccessControl.drawio.pdf}
The control sequence at the end of the top line
of your error message was never \def'ed. If you have
misspelled it (e.g., `\hobx'), type `I' and the correct
spelling (e.g., `I\hbox'). Otherwise just continue,
and I'll forget about whatever was undefined.

[8]
! Undefined control sequence.
l.868     \includegraphics
                          [width=3in]{figures/DeployChain.drawio.pdf}
The control sequence at the end of the top line
of your error message was never \def'ed. If you have
misspelled it (e.g., `\hobx'), type `I' and the correct
spelling (e.g., `I\hbox'). Otherwise just continue,
and I'll forget about whatever was undefined.


LaTeX Warning: Citation `polygonscan' on page 9 undefined on input line 873.


LaTeX Warning: Citation `why_use_alchemy_alchemy_documentation' on page 9 undef
ined on input line 883.


LaTeX Warning: Citation `your_instant_rpc_gateway_to_polygon' on page 9 undefin
ed on input line 885.


LaTeX Warning: Citation `ethers.js' on page 9 undefined on input line 887.

! Undefined control sequence.
l.891     \includegraphics
                          [width=1.8in]{figures/HouseServer.drawio.pdf}
The control sequence at the end of the top line
of your error message was never \def'ed. If you have
misspelled it (e.g., `\hobx'), type `I' and the correct
spelling (e.g., `I\hbox'). Otherwise just continue,
and I'll forget about whatever was undefined.


LaTeX Warning: Citation `ethereum_alarm_clock_documentation' on page 9 undefine
d on input line 900.


LaTeX Warning: Citation `metamask:_the_crypto_wallet_gateway_to_web3_blockchain
_apps' on page 9 undefined on input line 908.


LaTeX Warning: Citation `vue' on page 9 undefined on input line 910.

[9]
! Undefined control sequence.
l.914     \includegraphics
                          [width=1in]{figures/BalanceBox.jpg}
The control sequence at the end of the top line
of your error message was never \def'ed. If you have
misspelled it (e.g., `\hobx'), type `I' and the correct
spelling (e.g., `I\hbox'). Otherwise just continue,
and I'll forget about whatever was undefined.


LaTeX Warning: Citation `what_is_vuex_vuex' on page 10 undefined on input line 
925.

! Undefined control sequence.
l.941     \includegraphics
                          [width=3.2in]{figures/BlockchainToUIBinding.drawio...
The control sequence at the end of the top line
of your error message was never \def'ed. If you have
misspelled it (e.g., `\hobx'), type `I' and the correct
spelling (e.g., `I\hbox'). Otherwise just continue,
and I'll forget about whatever was undefined.

! Undefined control sequence.
l.950     \includegraphics
                          [width=3.2in]{figures/RouletteView.jpg}
The control sequence at the end of the top line
of your error message was never \def'ed. If you have
misspelled it (e.g., `\hobx'), type `I' and the correct
spelling (e.g., `I\hbox'). Otherwise just continue,
and I'll forget about whatever was undefined.

! Undefined control sequence.
<recently read> \includegraphics 
                                 
l.952     \includegraphics
                          [width=3.2in]{figures/DiceView.jpg}
The control sequence at the end of the top line
of your error message was never \def'ed. If you have
misspelled it (e.g., `\hobx'), type `I' and the correct
spelling (e.g., `I\hbox'). Otherwise just continue,
and I'll forget about whatever was undefined.


LaTeX Warning: `!h' float specifier changed to `!ht'.

! Undefined control sequence.
l.959     \includegraphics
                          [width=2.3in]{figures/RouletteMobile.jpg}
The control sequence at the end of the top line
of your error message was never \def'ed. If you have
misspelled it (e.g., `\hobx'), type `I' and the correct
spelling (e.g., `I\hbox'). Otherwise just continue,
and I'll forget about whatever was undefined.


LaTeX Warning: `!h' float specifier changed to `!ht'.

! Undefined control sequence.
l.994     \includegraphics
                          [width=6in]{figures/ContractTimings.png}
The control sequence at the end of the top line
of your error message was never \def'ed. If you have
misspelled it (e.g., `\hobx'), type `I' and the correct
spelling (e.g., `I\hbox'). Otherwise just continue,
and I'll forget about whatever was undefined.


LaTeX Warning: `h' float specifier changed to `ht'.


LaTeX Warning: Citation `webpagetest' on page 10 undefined on input line 999.

! Undefined control sequence.
l.1003     \includegraphics
                           [width=3.3in]{figures/VisualProgress.png}
The control sequence at the end of the top line
of your error message was never \def'ed. If you have
misspelled it (e.g., `\hobx'), type `I' and the correct
spelling (e.g., `I\hbox'). Otherwise just continue,
and I'll forget about whatever was undefined.


LaTeX Warning: `!h' float specifier changed to `!ht'.

[10]

LaTeX Warning: `!h' float specifier changed to `!ht'.


LaTeX Warning: `!h' float specifier changed to `!ht'.


LaTeX Warning: `!h' float specifier changed to `!ht'.

! Undefined control sequence.
l.1103     \includegraphics
                           [width=3in]{figures/RouletteGuzzle-cropped.pdf}
The control sequence at the end of the top line
of your error message was never \def'ed. If you have
misspelled it (e.g., `\hobx'), type `I' and the correct
spelling (e.g., `I\hbox'). Otherwise just continue,
and I'll forget about whatever was undefined.


LaTeX Warning: `!h' float specifier changed to `!ht'.

! Undefined control sequence.
l.1110     \includegraphics
                           [width=3in]{figures/ChuckALuckGuzzle-cropped.pdf}
The control sequence at the end of the top line
of your error message was never \def'ed. If you have
misspelled it (e.g., `\hobx'), type `I' and the correct
spelling (e.g., `I\hbox'). Otherwise just continue,
and I'll forget about whatever was undefined.


LaTeX Warning: `!h' float specifier changed to `!ht'.

! Undefined control sequence.
l.1121     \includegraphics
                           [width=3in]{figures/RouletteNetworkCongestion.png}
The control sequence at the end of the top line
of your error message was never \def'ed. If you have
misspelled it (e.g., `\hobx'), type `I' and the correct
spelling (e.g., `I\hbox'). Otherwise just continue,
and I'll forget about whatever was undefined.

! Undefined control sequence.
l.1128     \includegraphics
                           [width=3in]{figures/RouletteNetworkCongestion.png}
The control sequence at the end of the top line
of your error message was never \def'ed. If you have
misspelled it (e.g., `\hobx'), type `I' and the correct
spelling (e.g., `I\hbox'). Otherwise just continue,
and I'll forget about whatever was undefined.


LaTeX Warning: `!h' float specifier changed to `!ht'.

[11]

LaTeX Warning: Citation `schofield2016meaningfully' on page 12 undefined on inp
ut line 1140.


LaTeX Warning: Citation `loading_speed_http_archive' on page 12 undefined on in
put line 1146.


Underfull \hbox (badness 1442) in paragraph at lines 1166--1167
\OT1/ppl/m/n/9.53561 TODO sug-gest fu-ture work i.e. sep-a-rate net-work for
 []

[12]
No file ReportFinal.bbl.
(ReportFinal.aux)

LaTeX Warning: There were undefined references.

 ) 
Here is how much of TeX's memory you used:
 1637 strings out of 478583
 31923 string characters out of 2844371
 344606 words of memory out of 3000000
 19869 multiletter control sequences out of 15000+600000
 497010 words of font info for 95 fonts, out of 8000000 for 9000
 1144 hyphenation exceptions out of 8191
 34i,9n,37p,1019b,371s stack positions out of 10000i,1000n,20000p,200000b,80000s

Output written on ReportFinal.dvi (12 pages, 89784 bytes).
